2026-06-09 12:02:51,976 [INFO] WebApp:194 - Connection lost
2026-06-09 12:02:58,758 [INFO] WebApp:191 - Connection restablished
2026-06-09 12:02:59,592 [INFO] WebApp:194 - Connection lost
2026-06-09 12:03:00,495 [INFO] WebApp:191 - Connection restablished
2026-06-09 12:03:02,570 [INFO] WebApp:194 - Connection lost
2026-06-09 12:03:02,965 [INFO] WebApp:191 - Connection restablished
2026-06-09 12:03:16,411 [INFO] WebApp:194 - Connection lost
2026-06-09 12:03:16,906 [INFO] WebApp:191 - Connection restablished
2026-06-09 12:04:50,075 [INFO] WebApp:194 - Connection lost
2026-06-09 12:04:50,571 [INFO] WebApp:191 - Connection restablished
2026-06-09 12:06:26,351 [INFO] WebApp:194 - Connection lost
2026-06-09 12:06:26,580 [INFO] WebApp:191 - Connection restablished
2026-06-09 12:09:28,107 [INFO] WebApp:194 - Connection lost
2026-06-09 12:09:28,508 [INFO] WebApp:191 - Connection restablished
2026-06-09 12:12:34,860 [INFO] WebApp:194 - Connection lost
2026-06-09 12:12:35,076 [INFO] WebApp:191 - Connection restablished
2026-06-09 12:15:43,339 [INFO] WebApp:194 - Connection lost
2026-06-09 12:15:43,752 [INFO] WebApp:191 - Connection restablished
2026-06-09 12:18:51,952 [INFO] WebApp:194 - Connection lost
2026-06-09 12:18:52,522 [INFO] WebApp:191 - Connection restablished
2026-06-09 12:22:00,338 [INFO] WebApp:194 - Connection lost
2026-06-09 12:22:00,542 [INFO] WebApp:191 - Connection restablished
2026-06-09 12:22:49,832 [INFO] WebApp:194 - Connection lost
2026-06-09 12:22:50,186 [INFO] WebApp:191 - Connection restablished
2026-06-09 12:25:57,834 [INFO] WebApp:194 - Connection lost
2026-06-09 12:25:58,061 [INFO] WebApp:191 - Connection restablished
2026-06-09 12:27:08,851 [INFO] WebApp:194 - Connection lost
2026-06-09 12:27:09,204 [INFO] WebApp:191 - Connection restablished
2026-06-09 12:30:17,374 [INFO] WebApp:194 - Connection lost
2026-06-09 12:30:17,685 [INFO] WebApp:191 - Connection restablished
2026-06-09 12:33:13,330 [INFO] WebApp:194 - Connection lost
2026-06-09 12:33:13,599 [INFO] WebApp:191 - Connection restablished
2026-06-09 12:36:21,839 [INFO] WebApp:194 - Connection lost
2026-06-09 12:37:02,583 [INFO] WebApp:191 - Connection restablished
2026-06-09 12:37:04,344 [INFO] WebApp:194 - Connection lost
2026-06-09 12:37:04,585 [INFO] WebApp:191 - Connection restablished
2026-06-09 12:40:12,834 [INFO] WebApp:194 - Connection lost
2026-06-09 12:40:16,019 [INFO] WebApp:191 - Connection restablished
2026-06-09 12:41:14,852 [INFO] WebApp:194 - Connection lost
2026-06-09 12:41:15,173 [INFO] WebApp:191 - Connection restablished
2026-06-09 12:44:23,345 [INFO] WebApp:194 - Connection lost
2026-06-09 12:44:23,956 [INFO] WebApp:191 - Connection restablished
2026-06-09 13:15:08,446 [INFO] WebApp:194 - Connection lost
2026-06-09 13:15:08,857 [INFO] WebApp:191 - Connection restablished
2026-06-09 13:15:37,963 [INFO] WebApp:194 - Connection lost
2026-06-09 17:19:55,963 [INFO] WebApp:191 - Connection restablished
2026-06-09 17:19:58,360 [INFO] WebApp:194 - Connection lost
2026-06-09 17:19:58,540 [INFO] WebApp:191 - Connection restablished
2026-06-09 17:20:00,471 [INFO] WebApp:194 - Connection lost
2026-06-09 17:20:00,643 [INFO] WebApp:191 - Connection restablished
2026-06-09 17:20:03,472 [INFO] WebApp:194 - Connection lost
2026-06-09 17:20:03,936 [INFO] WebApp:191 - Connection restablished
2026-06-09 17:21:36,846 [INFO] WebApp:194 - Connection lost
2026-06-09 17:21:37,066 [INFO] WebApp:191 - Connection restablished
2026-06-09 17:21:48,381 [INFO] WebApp:194 - Connection lost
2026-06-09 17:21:48,575 [INFO] WebApp:191 - Connection restablished
2026-06-09 17:24:42,862 [INFO] WebApp:194 - Connection lost
2026-06-09 17:24:43,084 [INFO] WebApp:191 - Connection restablished
2026-06-09 17:27:48,358 [INFO] WebApp:194 - Connection lost
2026-06-09 17:27:48,593 [INFO] WebApp:191 - Connection restablished
2026-06-09 17:30:53,881 [INFO] WebApp:194 - Connection lost
2026-06-09 17:30:54,114 [INFO] WebApp:191 - Connection restablished
2026-06-09 17:33:58,876 [INFO] WebApp:194 - Connection lost
2026-06-09 17:33:59,098 [INFO] WebApp:191 - Connection restablished
2026-06-09 17:37:04,397 [INFO] WebApp:194 - Connection lost
2026-06-09 17:37:04,622 [INFO] WebApp:191 - Connection restablished
2026-06-09 17:59:43,722 [INFO] WebApp:194 - Connection lost
2026-06-09 17:59:49,570 [INFO] WebApp:191 - Connection restablished
2026-06-09 17:59:52,340 [INFO] WebApp:194 - Connection lost
2026-06-09 17:59:52,543 [INFO] WebApp:191 - Connection restablished
2026-06-09 17:59:55,442 [INFO] WebApp:194 - Connection lost
2026-06-09 17:59:55,625 [INFO] WebApp:191 - Connection restablished
2026-06-09 18:01:01,374 [INFO] MainUpdater:2872 - connection check result : 10
2026-06-09 18:01:01,512 [INFO] McuFinderGlobals:76 - Set McuFinderConnectedMode to true
2026-06-09 18:01:01,517 [INFO] MultiScanPanel:200 - Auto-refresh data requested => check proxy status ongoing
2026-06-09 18:01:01,520 [INFO] FinderPluginLoader:96 - Searching for filters in installed packs
2026-06-09 18:01:04,109 [INFO] LoadUrlFilesThread:185 - End of LoadServerUrlFiles without Thread
2026-06-09 18:01:04,109 [INFO] DetailPanel:341 - Set advertising image to C:/Users/mrith/STM32Cube/Repository/\en.prom-stm32wl3r-0526.jpg
2026-06-09 18:01:39,920 [INFO] WebApp:194 - Connection lost
2026-06-09 18:01:40,293 [INFO] WebApp:191 - Connection restablished
2026-06-09 18:02:59,860 [INFO] WebApp:194 - Connection lost
2026-06-09 18:03:00,138 [INFO] WebApp:191 - Connection restablished
2026-06-09 18:05:13,981 [INFO] MainUpdater:2872 - connection check result : 10
2026-06-09 18:05:13,981 [INFO] MainUpdater:2872 - connection check result : 10
2026-06-09 18:05:14,011 [ERROR] IocParser:57 - IOException caught: D:\STMBluePill\test1\test1.ioc (The system cannot find the path specified)
2026-06-09 18:05:14,015 [ERROR] PeripheralListParser:95 - Something went wrong with ioc file reading: D:\STMBluePill\test1\test1.ioc (The system cannot find the path specified)
2026-06-09 18:05:14,018 [ERROR] RegexParser:59 - Issue caught when parsing regex: D:\STMBluePill\test1\test1.ioc (The system cannot find the path specified)
2026-06-09 18:05:14,312 [INFO] MicroXplorer:468 - Change Database Path : 
2026-06-09 18:05:14,312 [INFO] MicroXplorer:498 - Change Database Version : DB.6.0.150
2026-06-09 18:05:14,392 [ERROR] ProjectManagerView:395 - 
java.lang.NullPointerException: Cannot invoke "javax.swing.JTextField.getText()" because the return value of "java.util.List.get(int)" is null
	at com.st.microxplorer.plugins.projectmanager.gui.ProjectChoiceTab$9.caretUpdate(ProjectChoiceTab.java:2706) ~[filemanager.jar:?]
	at javax.swing.text.JTextComponent.fireCaretUpdate(JTextComponent.java:408) ~[?:?]
	at javax.swing.text.JTextComponent$MutableCaretEvent.fire(JTextComponent.java:4484) ~[?:?]
	at javax.swing.text.JTextComponent$MutableCaretEvent.stateChanged(JTextComponent.java:4506) ~[?:?]
	at javax.swing.text.DefaultCaret.fireStateChanged(DefaultCaret.java:857) ~[?:?]
	at javax.swing.text.DefaultCaret.changeCaretPosition(DefaultCaret.java:1343) ~[?:?]
	at javax.swing.text.DefaultCaret.handleSetDot(DefaultCaret.java:1242) ~[?:?]
	at javax.swing.text.DefaultCaret.setDot(DefaultCaret.java:1223) ~[?:?]
	at javax.swing.text.DefaultCaret$Handler.insertUpdate(DefaultCaret.java:1819) ~[?:?]
	at javax.swing.text.AbstractDocument.fireInsertUpdate(AbstractDocument.java:227) ~[?:?]
	at javax.swing.text.AbstractDocument.handleInsertString(AbstractDocument.java:781) ~[?:?]
	at javax.swing.text.AbstractDocument.insertString(AbstractDocument.java:740) ~[?:?]
	at javax.swing.text.PlainDocument.insertString(PlainDocument.java:131) ~[?:?]
	at javax.swing.text.AbstractDocument.replace(AbstractDocument.java:699) ~[?:?]
	at javax.swing.text.JTextComponent.setText(JTextComponent.java:1725) ~[?:?]
	at com.st.microxplorer.plugins.projectmanager.gui.ProjectChoiceTab.createHeapStackFields(ProjectChoiceTab.java:993) ~[filemanager.jar:?]
	at com.st.microxplorer.plugins.projectmanager.gui.ProjectChoiceTab.buildLinkSettingsPanel(ProjectChoiceTab.java:3813) ~[filemanager.jar:?]
	at com.st.microxplorer.plugins.projectmanager.gui.ProjectChoiceTab.defineWindowsFields(ProjectChoiceTab.java:1987) ~[filemanager.jar:?]
	at com.st.microxplorer.plugins.projectmanager.gui.ProjectChoiceTab.updateSettings(ProjectChoiceTab.java:558) ~[filemanager.jar:?]
	at com.st.microxplorer.plugins.projectmanager.gui.ProjectSettingsPanel.UpdateDialog(ProjectSettingsPanel.java:247) ~[filemanager.jar:?]
	at com.st.microxplorer.plugins.projectmanager.ProjectManagerView.propertyChange(ProjectManagerView.java:392) ~[filemanager.jar:?]
	at java.beans.PropertyChangeSupport.fire(PropertyChangeSupport.java:343) ~[?:?]
	at java.beans.PropertyChangeSupport.firePropertyChange(PropertyChangeSupport.java:335) ~[?:?]
	at java.beans.PropertyChangeSupport.firePropertyChange(PropertyChangeSupport.java:268) ~[?:?]
	at com.st.microxplorer.util.MXPropertyChangeSupport.firePropertyChange(MXPropertyChangeSupport.java:54) ~[STM32CubeMX.jar:?]
	at com.st.microxplorer.mxsystem.MxSystem.closeConfig(MxSystem.java:899) ~[STM32CubeMX.jar:?]
	at com.st.microxplorer.maingui.MainPanel.closeConfig(MainPanel.java:792) ~[STM32CubeMX.jar:?]
	at com.st.microxplorer.plugins.filemanager.engine.OpenFileManager.loadConfigurationFile(OpenFileManager.java:288) ~[filemanager.jar:?]
	at com.st.microxplorer.plugins.filemanager.engine.MainFileManager.userLoadConfig(MainFileManager.java:364) ~[filemanager.jar:?]
	at com.st.microxplorer.plugins.filemanager.engine.MainFileManager.userLoadConfig(MainFileManager.java:342) ~[filemanager.jar:?]
	at com.st.microxplorer.plugins.filemanager.FileManagerView.getSpecificTask(FileManagerView.java:264) ~[filemanager.jar:?]
	at com.st.stm32cube.common.mx.editor.CubeMxEditor.getMxTabbedPaneInstance(CubeMxEditor.java:1198) ~[com.st.stm32cube.common.mx_6.15.0.202507011659/:?]
	at com.st.stm32cube.common.mx.editor.CubeMxEditor$12$1.createSwingComponent(CubeMxEditor.java:1068) ~[com.st.stm32cube.common.mx_6.15.0.202507011659/:?]
	at com.st.stm32cube.common.mx.oss.core.awtswtbridge.EmbeddedSwingComposite.doComponentCreation(EmbeddedSwingComposite.java:492) ~[com.st.stm32cube.common.mx.oss_6.15.0.202507011659/:?]
	at com.st.stm32cube.common.mx.oss.core.awtswtbridge.EmbeddedSwingComposite$4.run(EmbeddedSwingComposite.java:291) ~[com.st.stm32cube.common.mx.oss_6.15.0.202507011659/:?]
	at com.st.stm32cube.common.mx.oss.core.awtswtbridge.AwtEnvironment$2.run(AwtEnvironment.java:166) ~[com.st.stm32cube.common.mx.oss_6.15.0.202507011659/:?]
	at java.awt.event.InvocationEvent.dispatch(InvocationEvent.java:318) ~[?:?]
	at java.awt.EventQueue.dispatchEventImpl(EventQueue.java:773) ~[?:?]
	at java.awt.EventQueue$4.run(EventQueue.java:720) ~[?:?]
	at java.awt.EventQueue$4.run(EventQueue.java:714) ~[?:?]
	at java.security.AccessController.doPrivileged(AccessController.java:400) ~[?:?]
	at java.security.ProtectionDomain$JavaSecurityAccessImpl.doIntersectionPrivilege(ProtectionDomain.java:87) ~[?:?]
	at java.awt.EventQueue.dispatchEvent(EventQueue.java:742) ~[?:?]
	at java.awt.EventDispatchThread.pumpOneEventForFilters(EventDispatchThread.java:203) ~[?:?]
	at java.awt.EventDispatchThread.pumpEventsForFilter(EventDispatchThread.java:124) ~[?:?]
	at java.awt.EventDispatchThread.pumpEventsForHierarchy(EventDispatchThread.java:113) ~[?:?]
	at java.awt.EventDispatchThread.pumpEvents(EventDispatchThread.java:109) ~[?:?]
	at java.awt.EventDispatchThread.pumpEvents(EventDispatchThread.java:101) ~[?:?]
	at java.awt.EventDispatchThread.run(EventDispatchThread.java:90) ~[?:?]
2026-06-09 18:05:14,461 [WARN] ThirdParty:871 - waiting for thirdparty lock release [close project]
2026-06-09 18:05:14,461 [INFO] ThirdParty:873 - entering critical section [close project]
2026-06-09 18:05:14,462 [INFO] ThirdParty:883 - exiting critical section [close project]
2026-06-09 18:05:14,464 [INFO] PinOutPanel:1589 - setPackage(No Configuration,No Configuration)
2026-06-09 18:05:14,519 [INFO] UtilMem:75 - Begin LoadConfig() Used Memory: 735688952 Bytes (1073741824)
2026-06-09 18:05:14,520 [INFO] MicroXplorer:468 - Change Database Path : 
2026-06-09 18:05:14,520 [INFO] MicroXplorer:498 - Change Database Version : DB.6.0.150
2026-06-09 18:05:14,520 [INFO] OpenFileManager:355 - Change cursor
2026-06-09 18:05:14,572 [INFO] RulesReader:64 - Compatibility file has been processed (317 Rules)
2026-06-09 18:05:14,584 [INFO] Mcu:2029 - Initializing MCU STM32F103C8Tx STM32F103C8Tx STM32F103C8T6
2026-06-09 18:05:15,260 [INFO] Context:786 - Trying to add GPIOservice into a context  which must be forbidden
2026-06-09 18:05:15,439 [INFO] ImportTextPane:234 - (OptionalMessage_ERROR) Unable to find key (Mcu.ThirdPartyNb) in loaded IOC file
2026-06-09 18:05:15,442 [INFO] ImportTextPane:234 - (OptionalMessage_ERROR) Unable to find key (Mcu.PinsNb) in loaded IOC file
2026-06-09 18:05:15,442 [INFO] ImportTextPane:234 - (OptionalMessage_ERROR) Pin0 (VP_RIF_VS_RIF1) cannot be retrieved for this MCU
2026-06-09 18:05:15,442 [INFO] ImportTextPane:234 - (OptionalMessage_ERROR) Unable to find key (Mcu.IPNb) in loaded IOC file
2026-06-09 18:05:15,496 [INFO] RtosManager:558 - Registered RTOS mode: class=CMSIS, group=RTOS, mode=CMSIS_V1, owner=FREERTOS
2026-06-09 18:05:15,496 [INFO] RtosManager:558 - Registered RTOS mode: class=CMSIS, group=RTOS2, mode=CMSIS_V2, owner=FREERTOS
2026-06-09 18:05:15,496 [INFO] RtosManager:558 - Registered RTOS mode: class=RTOS, group=Core, mode=CMSIS_V1, owner=FREERTOS
2026-06-09 18:05:15,496 [INFO] RtosManager:558 - Registered RTOS mode: class=RTOS, group=Core, mode=CMSIS_V2, owner=FREERTOS
2026-06-09 18:05:15,496 [WARN] ModelIntegratedComponent:184 - Missing modes for component STMicroelectronics:FreeRTOS:0.0.1:STMicroelectronics:RTOS:FreeRTOS:Core:::10.2.0:
2026-06-09 18:05:15,504 [WARN] ModelIntegratedComponent:63 - No mode defined for component null
2026-06-09 18:05:15,504 [WARN] ModelIntegratedComponent:63 - No mode defined for component null
2026-06-09 18:05:15,504 [WARN] ModelIntegratedComponent:63 - No mode defined for component null
2026-06-09 18:05:15,504 [WARN] ModelIntegratedComponent:63 - No mode defined for component null
2026-06-09 18:05:15,504 [WARN] ModelIntegratedComponent:63 - No mode defined for component null
2026-06-09 18:05:15,504 [WARN] ModelIntegratedComponent:63 - No mode defined for component null
2026-06-09 18:05:15,504 [WARN] ModelIntegratedComponent:63 - No mode defined for component null
2026-06-09 18:05:15,504 [WARN] ModelIntegratedComponent:63 - No mode defined for component null
2026-06-09 18:05:15,504 [WARN] ModelIntegratedComponent:63 - No mode defined for component null
2026-06-09 18:05:15,504 [WARN] ModelIntegratedComponent:63 - No mode defined for component null
2026-06-09 18:05:15,504 [WARN] ModelIntegratedComponent:63 - No mode defined for component null
2026-06-09 18:05:15,504 [WARN] ModelIntegratedComponent:63 - No mode defined for component null
2026-06-09 18:05:15,504 [WARN] ModelIntegratedComponent:63 - No mode defined for component null
2026-06-09 18:05:15,504 [WARN] ModelIntegratedComponent:63 - No mode defined for component null
2026-06-09 18:05:15,504 [WARN] ModelIntegratedComponent:63 - No mode defined for component null
2026-06-09 18:05:15,504 [WARN] ModelIntegratedComponent:63 - No mode defined for component null
2026-06-09 18:05:15,504 [WARN] ModelIntegratedComponent:63 - No mode defined for component null
2026-06-09 18:05:15,504 [WARN] ModelIntegratedComponent:63 - No mode defined for component null
2026-06-09 18:05:15,504 [WARN] ModelIntegratedComponent:63 - No mode defined for component null
2026-06-09 18:05:15,504 [WARN] ModelIntegratedComponent:63 - No mode defined for component null
2026-06-09 18:05:15,504 [WARN] ModelIntegratedComponent:63 - No mode defined for component null
2026-06-09 18:05:15,504 [WARN] ModelIntegratedComponent:63 - No mode defined for component null
2026-06-09 18:05:15,504 [WARN] ModelIntegratedComponent:63 - No mode defined for component null
2026-06-09 18:05:15,504 [WARN] ModelIntegratedComponent:63 - No mode defined for component null
2026-06-09 18:05:15,504 [WARN] ModelIntegratedComponent:63 - No mode defined for component null
2026-06-09 18:05:15,504 [WARN] ModelIntegratedComponent:63 - No mode defined for component null
2026-06-09 18:05:15,504 [WARN] ModelIntegratedComponent:63 - No mode defined for component null
2026-06-09 18:05:15,504 [WARN] ModelIntegratedComponent:63 - No mode defined for component null
2026-06-09 18:05:15,504 [WARN] ModelIntegratedComponent:63 - No mode defined for component null
2026-06-09 18:05:15,504 [WARN] ModelIntegratedComponent:63 - No mode defined for component null
2026-06-09 18:05:15,504 [WARN] ModelIntegratedComponent:63 - No mode defined for component null
2026-06-09 18:05:15,504 [WARN] ModelIntegratedComponent:63 - No mode defined for component null
2026-06-09 18:05:15,504 [WARN] ModelIntegratedComponent:63 - No mode defined for component null
2026-06-09 18:05:15,504 [WARN] ModelIntegratedComponent:63 - No mode defined for component null
2026-06-09 18:05:15,504 [WARN] ModelIntegratedComponent:63 - No mode defined for component null
2026-06-09 18:05:15,504 [WARN] ModelPack:524 - Component already loaded: STMicroelectronics:HAL Drivers:0.0.0:STMicroelectronics:Device:STMicro_Driver:XSPI:HAL::0.0.1:HAL_XSPI
2026-06-09 18:05:15,572 [INFO] ThirdPartyModel:298 - Start build external matchings
2026-06-09 18:05:15,932 [INFO] ThirdPartyModel:316 - End build external matchings
2026-06-09 18:05:16,131 [INFO] UtilMem:75 - End LoadConfig() Used Memory: 650828176 Bytes (1073741824)
2026-06-09 18:05:16,225 [WARN] ThirdParty:833 - waiting for thirdparty lock release [change project]
2026-06-09 18:05:16,225 [INFO] ThirdParty:835 - entering critical section [change project]
2026-06-09 18:05:16,225 [INFO] ThirdParty:1030 - CMSIS Pack Vendor :STMicroelectronics X-CUBE-AZRTOS-H7 3.5.0
2026-06-09 18:05:16,226 [INFO] ThirdParty:1030 - CMSIS Pack Vendor :STMicroelectronics X-CUBE-PM33A1 1.0.0
2026-06-09 18:05:16,226 [INFO] ThirdParty:1030 - CMSIS Pack Vendor :STMicroelectronics USBPD 4.1
2026-06-09 18:05:16,226 [INFO] ThirdParty:1030 - CMSIS Pack Vendor :STMicroelectronics X-CUBE-NFC9 1.0.0
2026-06-09 18:05:16,226 [INFO] ThirdParty:1030 - CMSIS Pack Vendor :STMicroelectronics USB_HOST 2.0.0
2026-06-09 18:05:16,226 [INFO] ThirdParty:1030 - CMSIS Pack Vendor :STMicroelectronics X-CUBE-AZRTOS-F4 1.1.0
2026-06-09 18:05:16,226 [INFO] ThirdParty:1030 - CMSIS Pack Vendor :STMicroelectronics LIBJPEG 8.0.0
2026-06-09 18:05:16,226 [INFO] ThirdParty:1030 - CMSIS Pack Vendor :STMicroelectronics FP-ATR-ASTRA1 2.0.2
2026-06-09 18:05:16,226 [INFO] ThirdParty:1030 - CMSIS Pack Vendor :STMicroelectronics X-CUBE-BLE1 7.1.0
2026-06-09 18:05:16,226 [INFO] ThirdParty:1030 - CMSIS Pack Vendor :wolfSSL I-CUBE-wolfMQTT 1.19.2
2026-06-09 18:05:16,226 [INFO] ThirdParty:1030 - CMSIS Pack Vendor :STMicroelectronics USB_DEVICE 3.0.0
2026-06-09 18:05:16,226 [INFO] ThirdParty:1030 - CMSIS Pack Vendor :STMicroelectronics X-CUBE-ISPU 2.1.0
2026-06-09 18:05:16,226 [INFO] ThirdParty:1030 - CMSIS Pack Vendor :STMicroelectronics X-CUBE-EEPRMA1 5.2.0
2026-06-09 18:05:16,226 [INFO] ThirdParty:1030 - CMSIS Pack Vendor :STMicroelectronics X-CUBE-IPS 3.2.0
2026-06-09 18:05:16,226 [INFO] ThirdParty:1030 - CMSIS Pack Vendor :STMicroelectronics X-CUBE-BLEMGR 4.1.0
2026-06-09 18:05:16,226 [INFO] ThirdParty:1030 - CMSIS Pack Vendor :STMicroelectronics eDS-WB_DPC_TT-BIDIR 2.1.1
2026-06-09 18:05:16,226 [INFO] ThirdParty:1030 - CMSIS Pack Vendor :STMicroelectronics X-CUBE-AZRTOS-WB 2.0.0
2026-06-09 18:05:16,226 [INFO] ThirdParty:1030 - CMSIS Pack Vendor :STMicroelectronics X-CUBE-NFC12 1.0.0
2026-06-09 18:05:16,226 [INFO] ThirdParty:1030 - CMSIS Pack Vendor :STMicroelectronics X-CUBE-AZRTOS-F7 1.1.0
2026-06-09 18:05:16,226 [INFO] ThirdParty:1030 - CMSIS Pack Vendor :STMicroelectronics X-CUBE-AZRTOS-L5 2.0.0
2026-06-09 18:05:16,226 [INFO] ThirdParty:1030 - CMSIS Pack Vendor :STMicroelectronics USB_DEVICE 2.0.0
2026-06-09 18:05:16,226 [INFO] ThirdParty:1030 - CMSIS Pack Vendor :STMicroelectronics FP-SNS-STAIOTCFT 1.1.0
2026-06-09 18:05:16,226 [INFO] ThirdParty:1030 - CMSIS Pack Vendor :quantropi X-CUBE-qispace-sdk-base 2.1.0
2026-06-09 18:05:16,226 [INFO] ThirdParty:1030 - CMSIS Pack Vendor :STMicroelectronics X-CUBE-STSE01 2.0.0
2026-06-09 18:05:16,226 [INFO] ThirdParty:1030 - CMSIS Pack Vendor :STMicroelectronics X-CUBE-ALGOBUILD 1.5.0
2026-06-09 18:05:16,226 [INFO] ThirdParty:1030 - CMSIS Pack Vendor :STMicroelectronics FP-SNS-MOTENV1 5.1.0
2026-06-09 18:05:16,226 [INFO] ThirdParty:1030 - CMSIS Pack Vendor :STMicroelectronics FreeRTOS 0.0.1
2026-06-09 18:05:16,226 [INFO] ThirdParty:1030 - CMSIS Pack Vendor :STMicroelectronics X-CUBE-AZRTOS-G0 1.1.0
2026-06-09 18:05:16,227 [INFO] ThirdParty:1030 - CMSIS Pack Vendor :STMicroelectronics X-CUBE-NFC4 3.0.0
2026-06-09 18:05:16,227 [INFO] ThirdParty:1030 - CMSIS Pack Vendor :STMicroelectronics X-CUBE-SUBG2 5.0.0
2026-06-09 18:05:16,227 [INFO] ThirdParty:1030 - CMSIS Pack Vendor :STMicroelectronics STM32_WPAN 1.0.0
2026-06-09 18:05:16,227 [INFO] ThirdParty:1030 - CMSIS Pack Vendor :STMicroelectronics eDS-WB_DPC_VIENNA 1.2.0
2026-06-09 18:05:16,227 [INFO] ThirdParty:1030 - CMSIS Pack Vendor :EmbeddedOffice I-CUBE-FS-RTOS 1.0.1
2026-06-09 18:05:16,227 [INFO] ThirdParty:1030 - CMSIS Pack Vendor :STMicroelectronics lwIP 2.0.3
2026-06-09 18:05:16,227 [INFO] ThirdParty:1030 - CMSIS Pack Vendor :WES I-CUBE-Cesium 1.4.0
2026-06-09 18:05:16,227 [INFO] ThirdParty:1030 - CMSIS Pack Vendor :STMicroelectronics eDS-WB_DPC_3PH2L-BIDIR 1.1.1
2026-06-09 18:05:16,227 [INFO] ThirdParty:1030 - CMSIS Pack Vendor :STMicroelectronics USB_HOST 1.0.0
2026-06-09 18:05:16,227 [INFO] ThirdParty:1030 - CMSIS Pack Vendor :STMicroelectronics X-CUBE-AZRTOS-G4 2.0.0
2026-06-09 18:05:16,227 [INFO] ThirdParty:1030 - CMSIS Pack Vendor :STMicroelectronics PDM2PCM 3.1.0
2026-06-09 18:05:16,227 [INFO] ThirdParty:1030 - CMSIS Pack Vendor :STMicroelectronics PDM2PCM 3.3.0
2026-06-09 18:05:16,227 [INFO] ThirdParty:1030 - CMSIS Pack Vendor :wolfSSL I-CUBE-wolfTPM 3.8.0
2026-06-09 18:05:16,227 [INFO] ThirdParty:1030 - CMSIS Pack Vendor :STMicroelectronics X-CUBE-DISPLAY 3.0.0
2026-06-09 18:05:16,227 [INFO] ThirdParty:1030 - CMSIS Pack Vendor :wolfSSL I-CUBE-wolfSSH 1.4.20
2026-06-09 18:05:16,227 [INFO] ThirdParty:1030 - CMSIS Pack Vendor :STMicroelectronics X-CUBE-NFC7 2.0.0
2026-06-09 18:05:16,227 [INFO] ThirdParty:1030 - CMSIS Pack Vendor :STMicroelectronics X-CUBE-GNSS1 7.1.1
2026-06-09 18:05:16,227 [INFO] ThirdParty:1030 - CMSIS Pack Vendor :STMicroelectronics FP-SNS-MOTENVWB1 1.5.0
2026-06-09 18:05:16,228 [INFO] ThirdParty:1030 - CMSIS Pack Vendor :STMicroelectronics X-CUBE-TCPP 4.2.0
2026-06-09 18:05:16,228 [INFO] ThirdParty:1030 - CMSIS Pack Vendor :RealThread X-CUBE-RT-Thread_Nano 4.1.1
2026-06-09 18:05:16,228 [INFO] ThirdParty:1030 - CMSIS Pack Vendor :wolfSSL I-CUBE-wolfSSL 5.9.1
2026-06-09 18:05:16,228 [INFO] ThirdParty:1030 - CMSIS Pack Vendor :STMicroelectronics FP-ATR-SIGFOX1 3.2.0
2026-06-09 18:05:16,228 [INFO] ThirdParty:1030 - CMSIS Pack Vendor :STMicroelectronics X-CUBE-NFC10 1.0.0
2026-06-09 18:05:16,228 [INFO] ThirdParty:1030 - CMSIS Pack Vendor :STMicroelectronics HAL Drivers 0.0.0
2026-06-09 18:05:16,228 [INFO] ThirdParty:1030 - CMSIS Pack Vendor :STMicroelectronics X-CUBE-FREERTOS 1.5.0
2026-06-09 18:05:16,228 [INFO] ThirdParty:1030 - CMSIS Pack Vendor :STMicroelectronics MBEDTLS 2.16.2
2026-06-09 18:05:16,230 [INFO] ThirdParty:1030 - CMSIS Pack Vendor :STMicroelectronics X-CUBE-ST60 1.1.0
2026-06-09 18:05:16,232 [INFO] ThirdParty:1030 - CMSIS Pack Vendor :STMicroelectronics X-CUBE-ALS 1.0.2
2026-06-09 18:05:16,232 [INFO] ThirdParty:1030 - CMSIS Pack Vendor :emotas I-CUBE-CANOPEN 1.3.0
2026-06-09 18:05:16,232 [INFO] ThirdParty:1030 - CMSIS Pack Vendor :STMicroelectronics MBEDTLS 2.14.1
2026-06-09 18:05:16,232 [INFO] ThirdParty:1030 - CMSIS Pack Vendor :ITTIA_DB I-CUBE-ITTIADB 8.9.0
2026-06-09 18:05:16,232 [INFO] ThirdParty:1030 - CMSIS Pack Vendor :Cesanta I-CUBE-Mongoose 7.21.7
2026-06-09 18:05:16,232 [INFO] ThirdParty:1030 - CMSIS Pack Vendor :STMicroelectronics X-CUBE-TOUCHGFX 4.26.1
2026-06-09 18:05:16,232 [INFO] ThirdParty:1030 - CMSIS Pack Vendor :STMicroelectronics X-CUBE-NFC6 3.2.0
2026-06-09 18:05:16,232 [INFO] ThirdParty:1030 - CMSIS Pack Vendor :STMicroelectronics FP-SNS-STBOX1 2.1.0
2026-06-09 18:05:16,233 [INFO] ThirdParty:1030 - CMSIS Pack Vendor :STMicroelectronics X-CUBE-AI 10.2.0
2026-06-09 18:05:16,233 [INFO] ThirdParty:1030 - CMSIS Pack Vendor :STMicroelectronics ThreadX 1.0.0
2026-06-09 18:05:16,233 [INFO] ThirdParty:1030 - CMSIS Pack Vendor :STMicroelectronics FP-SNS-SMARTAG2 1.2.0
2026-06-09 18:05:16,233 [INFO] ThirdParty:1030 - CMSIS Pack Vendor :STMicroelectronics X-CUBE-MEMS1 12.1.0
2026-06-09 18:05:16,233 [INFO] ThirdParty:1030 - CMSIS Pack Vendor :STMicroelectronics FP-SNS-FLIGHT1 5.1.0
2026-06-09 18:05:16,233 [INFO] ThirdParty:1030 - CMSIS Pack Vendor :STMicroelectronics X-CUBE-AZRTOS-WL 2.0.0
2026-06-09 18:05:16,233 [INFO] ThirdParty:1030 - CMSIS Pack Vendor :SEGGER I-CUBE-embOS 1.3.1
2026-06-09 18:05:16,233 [INFO] ThirdParty:1030 - CMSIS Pack Vendor :STMicroelectronics X-CUBE-DPower 1.3.0
2026-06-09 18:05:16,233 [INFO] ThirdParty:1030 - CMSIS Pack Vendor :STMicroelectronics USB_DEVICE 1.0.0
2026-06-09 18:05:16,233 [INFO] ThirdParty:1030 - CMSIS Pack Vendor :STMicroelectronics X-CUBE-AZRTOS-H7RS 1.2.0
2026-06-09 18:05:16,233 [INFO] ThirdParty:1030 - CMSIS Pack Vendor :STMicroelectronics X-CUBE-AZRTOS-L4 2.0.0
2026-06-09 18:05:16,233 [INFO] ThirdParty:1030 - CMSIS Pack Vendor :STMicroelectronics ThreadX 0.0.2
2026-06-09 18:05:16,233 [INFO] ThirdParty:1030 - CMSIS Pack Vendor :STMicroelectronics lwIP 2.1.2
2026-06-09 18:05:16,234 [INFO] ThirdParty:1030 - CMSIS Pack Vendor :STMicroelectronics X-CUBE-SFXS2LP1 4.0.0
2026-06-09 18:05:16,234 [INFO] ThirdParty:1030 - CMSIS Pack Vendor :STMicroelectronics X-CUBE-BLE2 3.3.0
2026-06-09 18:05:16,234 [INFO] ThirdParty:1030 - CMSIS Pack Vendor :Avnet-IOTCONNECT X-CUBE-iotc-st67-sdk 1.0.0
2026-06-09 18:05:16,234 [INFO] ThirdParty:1030 - CMSIS Pack Vendor :STMicroelectronics X-CUBE-TOF1 3.4.3
2026-06-09 18:05:16,234 [INFO] ThirdParty:1030 - CMSIS Pack Vendor :Infineon AIROC-Wi-Fi-Bluetooth-STM32 1.8.0
2026-06-09 18:05:16,234 [INFO] ThirdParty:1030 - CMSIS Pack Vendor :STMicroelectronics PDM2PCM 3.2.0
2026-06-09 18:05:16,234 [INFO] ThirdParty:1030 - CMSIS Pack Vendor :STMicroelectronics X-CUBE-WB05N 2.1.0
2026-06-09 18:05:16,234 [INFO] ThirdParty:841 - exiting critical section [change project]
2026-06-09 18:05:16,390 [INFO] PinOutPanel:1589 - setPackage(No Configuration,No Configuration)
2026-06-09 18:05:16,391 [INFO] PinOutPanel:1589 - setPackage(STM32F103C8Tx,LQFP48)
2026-06-09 18:05:16,739 [INFO] UtilMem:75 - Before build in PCC Used Memory: 739431448 Bytes (1073741824)
2026-06-09 18:05:17,012 [INFO] UtilMem:75 - After build in PCC Used Memory: 783471640 Bytes (1073741824)
2026-06-09 18:05:17,029 [INFO] IPUIPlugin:80 - create IPUIPlugin
2026-06-09 18:05:17,029 [INFO] IPUIPlugin:80 - create IPUIPlugin
2026-06-09 18:05:17,029 [INFO] IPUIPlugin:80 - create IPUIPlugin
2026-06-09 18:05:17,030 [INFO] IPUIPlugin:80 - create IPUIPlugin
2026-06-09 18:05:17,030 [INFO] IPUIPlugin:80 - create IPUIPlugin
2026-06-09 18:05:17,030 [INFO] IPUIPlugin:80 - create IPUIPlugin
2026-06-09 18:05:17,031 [INFO] IPUIPlugin:80 - create IPUIPlugin
2026-06-09 18:05:17,031 [INFO] IPUIPlugin:80 - create IPUIPlugin
2026-06-09 18:05:17,032 [INFO] IPUIPlugin:80 - create IPUIPlugin
2026-06-09 18:05:17,032 [INFO] IPUIPlugin:80 - create IPUIPlugin
2026-06-09 18:05:17,032 [INFO] IPUIPlugin:80 - create IPUIPlugin
2026-06-09 18:05:17,032 [INFO] IPUIPlugin:80 - create IPUIPlugin
2026-06-09 18:05:17,032 [INFO] IPUIPlugin:80 - create IPUIPlugin
2026-06-09 18:05:17,032 [INFO] IPUIPlugin:80 - create IPUIPlugin
2026-06-09 18:05:17,032 [INFO] IPUIPlugin:80 - create IPUIPlugin
2026-06-09 18:05:17,032 [INFO] IPUIPlugin:80 - create IPUIPlugin
2026-06-09 18:05:17,032 [INFO] IPUIPlugin:80 - create IPUIPlugin
2026-06-09 18:05:17,032 [INFO] IPUIPlugin:80 - create IPUIPlugin
2026-06-09 18:05:17,032 [INFO] IPUIPlugin:80 - create IPUIPlugin
2026-06-09 18:05:17,032 [INFO] IPUIPlugin:80 - create IPUIPlugin
2026-06-09 18:05:17,033 [INFO] IPUIPlugin:80 - create IPUIPlugin
2026-06-09 18:05:17,033 [INFO] IPUIPlugin:80 - create IPUIPlugin
2026-06-09 18:05:17,033 [INFO] IPUIPlugin:80 - create IPUIPlugin
2026-06-09 18:05:17,033 [INFO] IPUIPlugin:80 - create IPUIPlugin
2026-06-09 18:05:17,033 [INFO] IPUIPlugin:80 - create IPUIPlugin
2026-06-09 18:05:17,033 [INFO] IPUIPlugin:80 - create IPUIPlugin
2026-06-09 18:05:17,034 [INFO] IPUIPlugin:80 - create IPUIPlugin
2026-06-09 18:05:17,069 [INFO] CADModel:165 - CPN selected for project levelSTM32F103C8T6
2026-06-09 18:05:17,069 [INFO] CADModel:114 - Register for checkConnection events
2026-06-09 18:05:17,118 [INFO] OpenFileManager:386 - Restore cursor
2026-06-09 18:05:17,458 [INFO] UtilMem:75 - End SaveConfig() Used Memory: 840094744 Bytes (1073741824)
2026-06-09 18:05:17,513 [INFO] UtilMem:75 - End SaveConfig() Used Memory: 852677656 Bytes (1073741824)
2026-06-09 18:05:17,783 [INFO] BlockDiagram:2775 - set Specific Code input for plugin: NVIC
2026-06-09 18:05:17,784 [INFO] BlockDiagram:2775 - set Specific Code input for plugin: RCC
2026-06-09 18:05:17,785 [INFO] CodeGenerator:892 - code generatio: config db path: C:\ST\STM32CubeIDE_1.19.0\STM32CubeIDE\plugins\com.st.stm32cube.common.mx_6.15.0.202507011659\\db\
2026-06-09 18:05:17,855 [INFO] CodeEngine:265 - oldGeneratedFile, D:\STMBluePill\blinkLed\MXTmpFiles\license.tmp_save
2026-06-09 18:05:18,162 [INFO] CodeEngine:289 - Generated code: D:\STMBluePill\blinkLed\MXTmpFiles\license.tmp
2026-06-09 18:05:18,173 [INFO] CodeEngine:265 - oldGeneratedFile, D:\STMBluePill\blinkLed\Core\Src\stm32f1xx_it.c_save
2026-06-09 18:05:18,409 [INFO] CodeEngine:289 - Generated code: D:\STMBluePill\blinkLed\Core\Src\stm32f1xx_it.c
2026-06-09 18:05:18,417 [INFO] CodeEngine:265 - oldGeneratedFile, D:\STMBluePill\blinkLed\Core\Inc\stm32f1xx_it.h_save
2026-06-09 18:05:18,490 [INFO] CodeEngine:289 - Generated code: D:\STMBluePill\blinkLed\Core\Inc\stm32f1xx_it.h
2026-06-09 18:05:18,532 [INFO] CodeEngine:265 - oldGeneratedFile, D:\STMBluePill\blinkLed\Core\Src\stm32f1xx_hal_msp.c_save
2026-06-09 18:05:18,642 [INFO] CodeEngine:289 - Generated code: D:\STMBluePill\blinkLed\Core\Src\stm32f1xx_hal_msp.c
2026-06-09 18:05:18,647 [INFO] CodeEngine:265 - oldGeneratedFile, D:\STMBluePill\blinkLed\MXTmpFiles\system.tmp_save
2026-06-09 18:05:18,718 [INFO] CodeEngine:289 - Generated code: D:\STMBluePill\blinkLed\MXTmpFiles\system.tmp
2026-06-09 18:05:18,727 [INFO] CodeEngine:321 - oldGeneratedFile, D:\STMBluePill\blinkLed\Core\Inc\stm32f1xx_hal_conf.h_save
2026-06-09 18:05:18,788 [INFO] CodeEngine:345 - Generated code: D:\STMBluePill\blinkLed\Core\Inc\stm32f1xx_hal_conf.h
2026-06-09 18:05:18,802 [INFO] ApiDbMcu:532 - Load IP Config File for RCC
2026-06-09 18:05:18,815 [INFO] CodeEngine:265 - oldGeneratedFile, D:\STMBluePill\blinkLed\Core\Inc\main.h_save
2026-06-09 18:05:18,902 [INFO] CodeEngine:289 - Generated code: D:\STMBluePill\blinkLed\Core\Inc\main.h
2026-06-09 18:05:18,902 [INFO] CodeEngine:265 - oldGeneratedFile, D:\STMBluePill\blinkLed\Core\Src\main.c_save
2026-06-09 18:05:18,986 [INFO] CodeEngine:289 - Generated code: D:\STMBluePill\blinkLed\Core\Src\main.c
2026-06-09 18:05:19,318 [INFO] ProjectBuilder:3606 - Time for Copy HAL[1] : 162mS.
2026-06-09 18:05:19,321 [INFO] ProjectBuilder:5216 - Project Generator version: 4.7.0-B52
2026-06-09 18:05:19,386 [INFO] ConfigFileManager:1595 - The Die is : DIE410
2026-06-09 18:05:19,389 [INFO] ApiDbMcu:532 - Load IP Config File for FATFS
2026-06-09 18:05:19,394 [INFO] ApiDbMcu:532 - Load IP Config File for FREERTOS
2026-06-09 18:05:19,400 [INFO] ApiDbMcu:532 - Load IP Config File for USB_DEVICE
2026-06-09 18:05:21,312 [INFO] ProjectBuilder:5496 - Time for Generating toolchain IDE Files: 1990mS.
2026-06-09 18:05:21,315 [INFO] ProjectBuilder:3463 - Time for Copy CMSIS : 0mS.
2026-06-09 18:05:21,316 [INFO] ProjectBuilder:3463 - Time for Copy CMSIS : 0mS.
2026-06-09 18:05:21,926 [INFO] McuFinderGlobals:76 - Set McuFinderConnectedMode to true
2026-06-09 18:05:21,932 [INFO] ApiDb:448 - Save user favorites file C:\Users\mrith/.stm32cubeide/favorites.mcus.txt: 0 item(s)
2026-06-09 18:05:21,932 [INFO] ApiDb:452 - User favorites MCUs=[]
2026-06-09 18:06:05,342 [INFO] WebApp:194 - Connection lost
2026-06-09 18:06:05,567 [INFO] WebApp:191 - Connection restablished
2026-06-09 18:09:12,317 [INFO] WebApp:194 - Connection lost
2026-06-09 18:09:12,532 [INFO] WebApp:191 - Connection restablished
2026-06-09 18:11:06,951 [INFO] UtilMem:75 - End SaveConfig() Used Memory: 792190784 Bytes (1073741824)
2026-06-09 18:11:09,437 [INFO] UtilMem:75 - End SaveConfig() Used Memory: 814051192 Bytes (1073741824)
2026-06-09 18:11:49,036 [INFO] UtilMem:75 - End SaveConfig() Used Memory: 846557048 Bytes (1073741824)
2026-06-09 18:11:49,580 [INFO] BlockDiagram:2775 - set Specific Code input for plugin: NVIC
2026-06-09 18:11:49,580 [INFO] BlockDiagram:2775 - set Specific Code input for plugin: GPIO
2026-06-09 18:11:49,580 [INFO] BlockDiagram:2775 - set Specific Code input for plugin: RCC
2026-06-09 18:11:49,582 [INFO] CodeGenerator:892 - code generatio: config db path: C:\ST\STM32CubeIDE_1.19.0\STM32CubeIDE\plugins\com.st.stm32cube.common.mx_6.15.0.202507011659\\db\
2026-06-09 18:11:49,662 [INFO] CodeEngine:265 - oldGeneratedFile, D:\STMBluePill\blinkLed\MXTmpFiles\license.tmp_save
2026-06-09 18:11:49,789 [INFO] CodeEngine:289 - Generated code: D:\STMBluePill\blinkLed\MXTmpFiles\license.tmp
2026-06-09 18:11:49,841 [INFO] CodeEngine:265 - oldGeneratedFile, D:\STMBluePill\blinkLed\MXTmpFiles\gpio.tmp_save
2026-06-09 18:11:49,928 [INFO] CodeEngine:289 - Generated code: D:\STMBluePill\blinkLed\MXTmpFiles\gpio.tmp
2026-06-09 18:11:49,940 [INFO] CodeEngine:265 - oldGeneratedFile, D:\STMBluePill\blinkLed\Core\Src\stm32f1xx_it.c_save
2026-06-09 18:11:50,125 [INFO] CodeEngine:289 - Generated code: D:\STMBluePill\blinkLed\Core\Src\stm32f1xx_it.c
2026-06-09 18:11:50,132 [INFO] CodeEngine:265 - oldGeneratedFile, D:\STMBluePill\blinkLed\Core\Inc\stm32f1xx_it.h_save
2026-06-09 18:11:50,220 [INFO] CodeEngine:289 - Generated code: D:\STMBluePill\blinkLed\Core\Inc\stm32f1xx_it.h
2026-06-09 18:11:50,244 [INFO] CodeEngine:265 - oldGeneratedFile, D:\STMBluePill\blinkLed\Core\Src\stm32f1xx_hal_msp.c_save
2026-06-09 18:11:50,370 [INFO] CodeEngine:289 - Generated code: D:\STMBluePill\blinkLed\Core\Src\stm32f1xx_hal_msp.c
2026-06-09 18:11:50,374 [INFO] CodeEngine:265 - oldGeneratedFile, D:\STMBluePill\blinkLed\MXTmpFiles\system.tmp_save
2026-06-09 18:11:50,446 [INFO] CodeEngine:289 - Generated code: D:\STMBluePill\blinkLed\MXTmpFiles\system.tmp
2026-06-09 18:11:50,457 [INFO] CodeEngine:321 - oldGeneratedFile, D:\STMBluePill\blinkLed\Core\Inc\stm32f1xx_hal_conf.h_save
2026-06-09 18:11:50,544 [INFO] CodeEngine:345 - Generated code: D:\STMBluePill\blinkLed\Core\Inc\stm32f1xx_hal_conf.h
2026-06-09 18:11:50,586 [INFO] CodeEngine:265 - oldGeneratedFile, D:\STMBluePill\blinkLed\Core\Inc\main.h_save
2026-06-09 18:11:50,654 [INFO] CodeEngine:289 - Generated code: D:\STMBluePill\blinkLed\Core\Inc\main.h
2026-06-09 18:11:50,654 [INFO] CodeEngine:265 - oldGeneratedFile, D:\STMBluePill\blinkLed\Core\Src\main.c_save
2026-06-09 18:11:50,774 [INFO] CodeEngine:289 - Generated code: D:\STMBluePill\blinkLed\Core\Src\main.c
2026-06-09 18:11:50,849 [INFO] WebApp:194 - Connection lost
2026-06-09 18:11:51,109 [INFO] WebApp:191 - Connection restablished
2026-06-09 18:11:51,301 [INFO] ProjectBuilder:3606 - Time for Copy HAL[1] : 231mS.
2026-06-09 18:11:51,305 [INFO] ProjectBuilder:5216 - Project Generator version: 4.7.0-B52
2026-06-09 18:11:51,487 [INFO] ConfigFileManager:1595 - The Die is : DIE410
2026-06-09 18:11:53,527 [INFO] ProjectBuilder:5496 - Time for Generating toolchain IDE Files: 2222mS.
2026-06-09 18:11:53,528 [INFO] ProjectBuilder:3463 - Time for Copy CMSIS : 0mS.
2026-06-09 18:11:53,530 [INFO] ProjectBuilder:3463 - Time for Copy CMSIS : 0mS.
2026-06-09 18:14:59,342 [INFO] WebApp:194 - Connection lost
2026-06-09 18:15:23,886 [INFO] WebApp:191 - Connection restablished
2026-06-09 18:15:25,325 [INFO] WebApp:194 - Connection lost
2026-06-09 18:15:25,510 [INFO] WebApp:191 - Connection restablished
2026-06-09 18:18:33,332 [INFO] WebApp:194 - Connection lost
2026-06-09 18:18:33,634 [INFO] WebApp:191 - Connection restablished
2026-06-09 18:21:40,845 [INFO] WebApp:194 - Connection lost
2026-06-09 18:21:41,168 [INFO] WebApp:191 - Connection restablished
2026-06-09 18:24:47,325 [INFO] WebApp:194 - Connection lost
2026-06-09 18:24:47,549 [INFO] WebApp:191 - Connection restablished
